<?xml version="1.0" encoding="UTF-8"?>
<!-- Generated by org.testng.reporters.JUnitXMLReporter -->
<testsuite ignored="2" hostname="Ganesh" failures="0" tests="0" time="0.004" errors="0" timestamp="29 Apr 2024 07:34:32 GMT">
  <testcase classname="SeleniumProject.ErrorValidationTest" name="loginerrorvalidation" time="0.0">
    <ignored/>
  </testcase> <!-- loginerrorvalidation -->
  <testcase classname="SeleniumProject.ErrorValidationTest" name="submitOrder" time="0.0">
    <ignored/>
  </testcase> <!-- submitOrder -->
</testsuite>
