<?xml version="1.0" encoding="UTF-8"?>
<!-- Generated by org.testng.reporters.JUnitXMLReporter -->
<testsuite ignored="0" hostname="Ganesh" failures="0" tests="3" name="SubmitOrderTest" time="58.162" errors="0" timestamp="30 Apr 2024 11:54:20 GMT">
  <testcase classname="SeleniumProject.SubmitOrderTest" name="submitOrder" time="12.662"/>
  <testcase classname="SeleniumProject.SubmitOrderTest" name="submitOrder" time="11.825"/>
  <testcase classname="SeleniumProject.SubmitOrderTest" name="Ordersummary" time="0.88"/>
</testsuite> <!-- SubmitOrderTest -->
